1685864130270	geckodriver	INFO	Listening on 127.0.0.1:57752
1685864133304	mozrunner::runner	INFO	Running command: "C:\\Program Files\\Mozilla Firefox\\firefox.exe" "--marionette" "--remote-debugging-port" "57753" "--remote-allow-hosts" "localhost" "-no-remote" "-profile" "C:\\Users\\asus\\AppData\\Local\\Temp\\rust_mozprofileMVxgnD"
1685864133677	Marionette	INFO	Marionette enabled
Dynamically enable window occlusion 0
1685864133683	Marionette	INFO	Listening on port 57770
Read port: 57770
WebDriver BiDi listening on ws://127.0.0.1:57753
1685864133871	RemoteAgent	WARN	TLS certificate errors will be ignored for this session
console.warn: SearchSettings: "get: No settings file exists, new profile?" (new NotFoundError("Could not open the file at C:\\Users\\asus\\AppData\\Local\\Temp\\rust_mozprofileMVxgnD\\search.json.mozlz4", (void 0)))
1685864136277	Marionette	INFO	Stopped listening on port 57770
Dynamically enable window occlusion 1
1685864136290	CDP	WARN	Failed to remove undefined (Could not parse path (undefined): NS_ERROR_FILE_UNRECOGNIZED_PATH)
console.warn: SearchService: "#init: abandoning init due to shutting down"
JavaScript error: , line 0: uncaught exception: 2147500036
JavaScript error: , line 0: uncaught exception: 2147500036
JavaScript error: , line 0: uncaught exception: 2147500036
JavaScript error: , line 0: uncaught exception: 2147500036
JavaScript error: , line 0: uncaught exception: 2147500036
JavaScript error: , line 0: uncaught exception: 2147500036
console.error: (new TypeError("NetworkError: Network request failed", "resource://services-settings/Utils.jsm", 230))
